\BOOKMARK [1][-]{section.1}{\376\377\145\271\150\110\133\371\153\324\116\016\213\272\213\301}{}% 1
\BOOKMARK [2][-]{subsection.1.1}{\376\377\174\373\176\337\135\345\117\134\152\041\137\017\213\276\133\232}{section.1}% 2
\BOOKMARK [2][-]{subsection.1.2}{\376\377\135\362\167\345\152\041\127\213\165\065\215\357\145\271\150\110}{section.1}% 3
\BOOKMARK [2][-]{subsection.1.3}{\376\377\153\143\137\046\117\341\123\367\116\247\165\037\145\271\150\110}{section.1}% 4
\BOOKMARK [2][-]{subsection.1.4}{\376\377\147\052\167\345\152\041\127\213\133\146\116\140\145\271\150\110}{section.1}% 5
\BOOKMARK [2][-]{subsection.1.5}{\376\377\143\250\164\006\165\037\142\020\117\341\123\367\145\271\150\110}{section.1}% 6
\BOOKMARK [1][-]{section.2}{\376\377\164\006\213\272\122\006\147\220\116\016\213\241\173\227}{}% 7
\BOOKMARK [2][-]{subsection.2.1}{\376\377\135\362\167\345\152\041\127\213\165\065\215\357\123\302\145\160\213\241\173\227}{section.2}% 8
\BOOKMARK [2][-]{subsection.2.2}{\376\377\135\362\167\345\152\041\127\213\217\223\121\372\165\065\123\213\123\315\173\227}{section.2}% 9
\BOOKMARK [2][-]{subsection.2.3}{\376\377\000D\000D\000S\145\076\131\047\152\041\127\127\122\006\147\220}{section.2}% 10
\BOOKMARK [2][-]{subsection.2.4}{\376\377\155\113\230\221\152\041\127\127\122\006\147\220}{section.2}% 11
\BOOKMARK [2][-]{subsection.2.5}{\376\377\123\101\121\155\120\015\230\221\000P\000L\000L\122\006\147\220}{section.2}% 12
\BOOKMARK [2][-]{subsection.2.6}{\376\377\147\052\167\345\152\041\127\213\133\146\116\140\136\372\152\041\145\271\154\325}{section.2}% 13
\BOOKMARK [2][-]{subsection.2.7}{\376\377\143\250\164\006\173\227\154\325\145\160\133\146\210\150\217\360}{section.2}% 14
\BOOKMARK [1][-]{section.3}{\376\377\165\065\215\357\116\016\172\013\136\217\213\276\213\241}{}% 15
\BOOKMARK [2][-]{subsection.3.1}{\376\377\145\164\117\123\176\323\147\204}{section.3}% 16
\BOOKMARK [2][-]{subsection.3.2}{\376\377\135\362\167\345\152\041\127\213\165\065\215\357}{section.3}% 17
\BOOKMARK [2][-]{subsection.3.3}{\376\377\000D\000D\000S\145\076\131\047\152\041\127\127}{section.3}% 18
\BOOKMARK [2][-]{subsection.3.4}{\376\377\155\113\230\221\152\041\127\127}{section.3}% 19
\BOOKMARK [2][-]{subsection.3.5}{\376\377\123\101\121\155\120\015\230\221\000P\000L\000L\152\041\127\127}{section.3}% 20
\BOOKMARK [2][-]{subsection.3.6}{\376\377\172\013\136\217\140\073\143\247\122\066\220\073\217\221}{section.3}% 21
\BOOKMARK [2][-]{subsection.3.7}{\376\377\116\272\147\072\116\244\116\222\220\073\217\221}{section.3}% 22
\BOOKMARK [2][-]{subsection.3.8}{\376\377\133\146\116\140\173\227\154\325\133\236\163\260}{section.3}% 23
\BOOKMARK [2][-]{subsection.3.9}{\376\377\143\250\164\006\173\227\154\325\133\236\163\260}{section.3}% 24
\BOOKMARK [1][-]{section.4}{\376\377\155\113\213\325\145\271\150\110\116\016\155\113\213\325\176\323\147\234}{}% 25
\BOOKMARK [2][-]{subsection.4.1}{\376\377\127\372\147\054\211\201\154\102\000\040\000\050\0001\000\051\000\040\040\024\040\024\000\040\135\362\167\345\152\041\127\213\165\065\215\357\201\352\216\253\136\105\230\221\124\315\136\224}{section.4}% 26
\BOOKMARK [2][-]{subsection.4.2}{\376\377\127\372\147\054\211\201\154\102\000\040\000\050\0002\000\051\000\040\040\024\040\024\000\040\117\341\123\367\217\223\121\372\152\041\137\017\232\214\213\301}{section.4}% 27
\BOOKMARK [2][-]{subsection.4.3}{\376\377\127\372\147\054\211\201\154\102\000\040\000\050\0003\000\051\000\050\0004\000\051\000\040\040\024\040\024\000\040\135\362\167\345\152\041\127\213\143\247\122\066\152\041\137\017}{section.4}% 28
\BOOKMARK [2][-]{subsection.4.4}{\376\377\123\321\143\045\220\350\122\006\000\040\000\050\0001\000\051\000\040\040\024\040\024\000\040\133\146\116\140\152\041\137\017\232\214\213\301}{section.4}% 29
\BOOKMARK [2][-]{subsection.4.5}{\376\377\123\321\143\045\220\350\122\006\000\040\000\050\0002\000\051\000\040\040\024\040\024\000\040\143\250\164\006\152\041\137\017\232\214\213\301}{section.4}% 30
\BOOKMARK [1][-]{section.5}{\376\377\176\323\213\272}{}% 31
